<?xml version="1.0" encoding="UTF-8"?>
<robot generator="Robot 3.2.1 (Python 3.7.7 on win32)" generated="20200516 21:01:45.997" rpa="false">
<suite id="s1" name="TestSuite1" source="F:\WorkSpace\Eclipse_2020\RobotProject1\test\TestSuite1.robot">
<kw name="Log" library="BuiltIn" type="setup">
<doc>Logs the given message with the given level.</doc>
<arguments>
<arg>I am inside Test Suite Setup</arg>
</arguments>
<msg timestamp="20200516 21:01:46.408" level="INFO">I am inside Test Suite Setup</msg>
<status status="PASS" starttime="20200516 21:01:46.408" endtime="20200516 21:01:46.408"></status>
</kw>
<test id="s1-t1" name="MyFirstTest">
<kw name="Log" library="BuiltIn" type="setup">
<doc>Logs the given message with the given level.</doc>
<arguments>
<arg>I am inside Test setup</arg>
</arguments>
<msg timestamp="20200516 21:01:46.410" level="INFO">I am inside Test setup</msg>
<status status="PASS" starttime="20200516 21:01:46.410" endtime="20200516 21:01:46.411"></status>
</kw>
<kw name="Log" library="BuiltIn">
<doc>Logs the given message with the given level.</doc>
<arguments>
<arg>Hello World....</arg>
</arguments>
<msg timestamp="20200516 21:01:46.412" level="INFO">Hello World....</msg>
<status status="PASS" starttime="20200516 21:01:46.411" endtime="20200516 21:01:46.412"></status>
</kw>
<kw name="Log" library="BuiltIn" type="teardown">
<doc>Logs the given message with the given level.</doc>
<arguments>
<arg>I am inside Test Teardown Setup</arg>
</arguments>
<msg timestamp="20200516 21:01:46.413" level="INFO">I am inside Test Teardown Setup</msg>
<status status="PASS" starttime="20200516 21:01:46.413" endtime="20200516 21:01:46.413"></status>
</kw>
<tags>
<tag>Smoke</tag>
</tags>
<status status="PASS" starttime="20200516 21:01:46.409" endtime="20200516 21:01:46.414" critical="yes"></status>
</test>
<test id="s1-t2" name="MyThirdTest">
<kw name="Log" library="BuiltIn" type="setup">
<doc>Logs the given message with the given level.</doc>
<arguments>
<arg>I am inside Test setup</arg>
</arguments>
<msg timestamp="20200516 21:01:46.417" level="INFO">I am inside Test setup</msg>
<status status="PASS" starttime="20200516 21:01:46.417" endtime="20200516 21:01:46.417"></status>
</kw>
<kw name="Log" library="BuiltIn">
<doc>Logs the given message with the given level.</doc>
<arguments>
<arg>Hello World....</arg>
</arguments>
<msg timestamp="20200516 21:01:46.418" level="INFO">Hello World....</msg>
<status status="PASS" starttime="20200516 21:01:46.418" endtime="20200516 21:01:46.419"></status>
</kw>
<kw name="Log" library="BuiltIn" type="teardown">
<doc>Logs the given message with the given level.</doc>
<arguments>
<arg>I am inside Test Teardown Setup</arg>
</arguments>
<msg timestamp="20200516 21:01:46.420" level="INFO">I am inside Test Teardown Setup</msg>
<status status="PASS" starttime="20200516 21:01:46.419" endtime="20200516 21:01:46.420"></status>
</kw>
<tags>
<tag>sanity</tag>
</tags>
<status status="PASS" starttime="20200516 21:01:46.416" endtime="20200516 21:01:46.421" critical="yes"></status>
</test>
<test id="s1-t3" name="SampleLoginTest">
<kw name="Log" library="BuiltIn" type="setup">
<doc>Logs the given message with the given level.</doc>
<arguments>
<arg>I am inside Test setup</arg>
</arguments>
<msg timestamp="20200516 21:01:46.424" level="INFO">I am inside Test setup</msg>
<status status="PASS" starttime="20200516 21:01:46.424" endtime="20200516 21:01:46.424"></status>
</kw>
<kw name="Open Browser" library="SeleniumLibrary">
<doc>Opens a new browser instance to the optional ``url``.</doc>
<arguments>
<arg>${URL}</arg>
<arg>chrome</arg>
</arguments>
<msg timestamp="20200516 21:01:46.426" level="INFO">Opening browser 'chrome' to base url 'https://opensource-demo.orangehrmlive.com/'.</msg>
<status status="PASS" starttime="20200516 21:01:46.425" endtime="20200516 21:01:54.966"></status>
</kw>
<kw name="Set Browser Implicit Wait" library="SeleniumLibrary">
<doc>Sets the implicit wait value used by Selenium.</doc>
<arguments>
<arg>5</arg>
</arguments>
<status status="PASS" starttime="20200516 21:01:54.967" endtime="20200516 21:01:54.968"></status>
</kw>
<kw name="LoginKW">
<kw name="Input Text" library="SeleniumLibrary">
<doc>Types the given ``text`` into the text field identified by ``locator``.</doc>
<arguments>
<arg>id=txtUsername</arg>
<arg>@{CREDENTIAL}[0]</arg>
</arguments>
<msg timestamp="20200516 21:01:54.970" level="WARN">Accessing variable items using '@{CREDENTIAL}[0]' syntax is deprecated. Use '${CREDENTIAL}[0]' instead.</msg>
<msg timestamp="20200516 21:01:54.972" level="INFO">Typing text 'Admin' into text field 'id=txtUsername'.</msg>
<status status="PASS" starttime="20200516 21:01:54.970" endtime="20200516 21:01:55.132"></status>
</kw>
<kw name="Input Password" library="SeleniumLibrary">
<doc>Types the given password into the text field identified by ``locator``.</doc>
<arguments>
<arg>id=txtPassword</arg>
<arg>&amp;{LOGINDATA}[Password]</arg>
</arguments>
<msg timestamp="20200516 21:01:55.133" level="WARN">Accessing variable items using '&amp;{LOGINDATA}[Password]' syntax is deprecated. Use '${LOGINDATA}[Password]' instead.</msg>
<msg timestamp="20200516 21:01:55.135" level="INFO">Typing password into text field 'id=txtPassword'.</msg>
<msg timestamp="20200516 21:01:55.213" level="INFO">Temporally setting log level to: NONE</msg>
<msg timestamp="20200516 21:01:55.324" level="INFO">Log level changed from NONE to INFO.</msg>
<status status="PASS" starttime="20200516 21:01:55.133" endtime="20200516 21:01:55.324"></status>
</kw>
<kw name="Click Button" library="SeleniumLibrary">
<doc>Clicks the button identified by ``locator``.</doc>
<arguments>
<arg>id=btnLogin</arg>
</arguments>
<msg timestamp="20200516 21:01:55.325" level="INFO">Clicking button 'id=btnLogin'.</msg>
<status status="PASS" starttime="20200516 21:01:55.324" endtime="20200516 21:01:58.154"></status>
</kw>
<status status="PASS" starttime="20200516 21:01:54.969" endtime="20200516 21:01:58.154"></status>
</kw>
<kw name="Click Element" library="SeleniumLibrary">
<doc>Click the element identified by ``locator``.</doc>
<arguments>
<arg>id=welcome</arg>
</arguments>
<msg timestamp="20200516 21:01:58.156" level="INFO">Clicking element 'id=welcome'.</msg>
<status status="PASS" starttime="20200516 21:01:58.156" endtime="20200516 21:01:59.798"></status>
</kw>
<kw name="Click Element" library="SeleniumLibrary">
<doc>Click the element identified by ``locator``.</doc>
<arguments>
<arg>link=Logout</arg>
</arguments>
<msg timestamp="20200516 21:01:59.799" level="INFO">Clicking element 'link=Logout'.</msg>
<status status="PASS" starttime="20200516 21:01:59.799" endtime="20200516 21:02:00.722"></status>
</kw>
<kw name="Close Browser" library="SeleniumLibrary">
<doc>Closes the current browser.</doc>
<status status="PASS" starttime="20200516 21:02:00.723" endtime="20200516 21:02:02.996"></status>
</kw>
<kw name="Log" library="BuiltIn">
<doc>Logs the given message with the given level.</doc>
<arguments>
<arg>Test Completed</arg>
</arguments>
<msg timestamp="20200516 21:02:02.998" level="INFO">Test Completed</msg>
<status status="PASS" starttime="20200516 21:02:02.997" endtime="20200516 21:02:02.998"></status>
</kw>
<kw name="Log" library="BuiltIn">
<doc>Logs the given message with the given level.</doc>
<arguments>
<arg>This test was executed by %{username} on %{os}</arg>
</arguments>
<msg timestamp="20200516 21:02:03.056" level="INFO">This test was executed by Ritu on Windows_NT</msg>
<status status="PASS" starttime="20200516 21:02:02.999" endtime="20200516 21:02:03.057"></status>
</kw>
<kw name="Log" library="BuiltIn" type="teardown">
<doc>Logs the given message with the given level.</doc>
<arguments>
<arg>I am inside Test Teardown Setup</arg>
</arguments>
<msg timestamp="20200516 21:02:03.060" level="INFO">I am inside Test Teardown Setup</msg>
<status status="PASS" starttime="20200516 21:02:03.059" endtime="20200516 21:02:03.060"></status>
</kw>
<doc>This is a sample Login Test..</doc>
<tags>
<tag>sanity</tag>
</tags>
<status status="PASS" starttime="20200516 21:01:46.423" endtime="20200516 21:02:03.061" critical="yes"></status>
</test>
<kw name="Log" library="BuiltIn" type="teardown">
<doc>Logs the given message with the given level.</doc>
<arguments>
<arg>I am inside Teardown Suite Setup</arg>
</arguments>
<msg timestamp="20200516 21:02:03.067" level="INFO">I am inside Teardown Suite Setup</msg>
<status status="PASS" starttime="20200516 21:02:03.066" endtime="20200516 21:02:03.068"></status>
</kw>
<status status="PASS" starttime="20200516 21:01:46.001" endtime="20200516 21:02:03.068"></status>
</suite>
<statistics>
<total>
<stat pass="3" fail="0">Critical Tests</stat>
<stat pass="3" fail="0">All Tests</stat>
</total>
<tag>
<stat pass="2" fail="0">sanity</stat>
<stat pass="1" fail="0">Smoke</stat>
</tag>
<suite>
<stat pass="3" fail="0" id="s1" name="TestSuite1">TestSuite1</stat>
</suite>
</statistics>
<errors>
<msg timestamp="20200516 21:01:54.970" level="WARN">Accessing variable items using '@{CREDENTIAL}[0]' syntax is deprecated. Use '${CREDENTIAL}[0]' instead.</msg>
<msg timestamp="20200516 21:01:55.133" level="WARN">Accessing variable items using '&amp;{LOGINDATA}[Password]' syntax is deprecated. Use '${LOGINDATA}[Password]' instead.</msg>
</errors>
</robot>
